<?xml version="1.0" encoding="UTF-8"?>
<robot generator="Robot 3.1.1 (Python 3.6.4 on win32)" generated="20190825 20:47:29.497" rpa="false">
<suite id="s1" name="Action" source="F:\GIT文件\study\测试\UI自动化\RobotFramework\RobotSeleniumPython\po\action">
<suite id="s1-s1" name="Example" source="F:\GIT文件\study\测试\UI自动化\RobotFramework\RobotSeleniumPython\po\action\example.robot">
<test id="s1-s1-t1" name="Invlid Login">
<kw name="Open Brower To Home Page">
<kw name="Open Browser" library="SeleniumLibrary">
<doc>Opens a new browser instance to the given ``url``.</doc>
<arguments>
<arg>${login_url}</arg>
<arg>ff</arg>
</arguments>
<msg timestamp="20190825 20:47:29.879" level="INFO">Opening browser 'ff' to base url 'https://www.baidu.com/'.</msg>
<status status="PASS" starttime="20190825 20:47:29.878" endtime="20190825 20:47:39.584"></status>
</kw>
<kw name="Maximize Browser Window" library="SeleniumLibrary">
<doc>Maximizes current browser window.</doc>
<status status="PASS" starttime="20190825 20:47:39.585" endtime="20190825 20:47:39.861"></status>
</kw>
<status status="PASS" starttime="20190825 20:47:29.878" endtime="20190825 20:47:39.862"></status>
</kw>
<kw name="Maximize Browser Window" library="SeleniumLibrary">
<doc>Maximizes current browser window.</doc>
<status status="PASS" starttime="20190825 20:47:39.862" endtime="20190825 20:47:39.864"></status>
</kw>
<status status="PASS" starttime="20190825 20:47:29.877" endtime="20190825 20:47:39.865" critical="yes"></status>
</test>
<status status="PASS" starttime="20190825 20:47:29.535" endtime="20190825 20:47:39.865"></status>
</suite>
<status status="PASS" starttime="20190825 20:47:29.504" endtime="20190825 20:47:39.867"></status>
</suite>
<statistics>
<total>
<stat pass="1" fail="0">Critical Tests</stat>
<stat pass="1" fail="0">All Tests</stat>
</total>
<tag>
</tag>
<suite>
<stat pass="1" fail="0" id="s1" name="Action">Action</stat>
<stat pass="1" fail="0" id="s1-s1" name="Example">Action.Example</stat>
</suite>
</statistics>
<errors>
<msg timestamp="20190825 20:47:29.876" level="ERROR">Error in file 'F:\GIT文件\study\测试\UI自动化\RobotFramework\RobotSeleniumPython\po\action\example.robot': Importing test library 'example' failed: ModuleNotFoundError: No module named 'example'
Traceback (most recent call last):
  None
PYTHONPATH:
  D:\InstallSoftWare\Python3.6.4\Scripts\robot.exe
  d:\installsoftware\python3.6.4\python36.zip
  d:\installsoftware\python3.6.4\DLLs
  d:\installsoftware\python3.6.4\lib
  d:\installsoftware\python3.6.4
  d:\installsoftware\python3.6.4\lib\site-packages
  d:\installsoftware\python3.6.4\lib\site-packages\requests-2.21.0-py3.6.egg
  d:\installsoftware\python3.6.4\lib\site-packages\win32
  d:\installsoftware\python3.6.4\lib\site-packages\win32\lib
  d:\installsoftware\python3.6.4\lib\site-packages\Pythonwin</msg>
</errors>
</robot>
